<?xml version="1.0" encoding="UTF-8"?>
<!-- Generated by org.testng.reporters.JUnitReportReporter -->
<testsuite skipped="0" hostname="DESKTOP-L1FM70N" name="PomPage.VerfiyLoginPage" tests="1" failures="0" timestamp="07 Sep 2020 10:51:48 GMT" time="6.769" errors="0">
  <testcase name="verify" time="6.769" classname="PomPage.VerfiyLoginPage"/>
</testsuite> <!-- PomPage.VerfiyLoginPage -->
