<?xml version="1.0" encoding="UTF-8"?>
<!-- Generated by org.testng.reporters.JUnitReportReporter -->
<testsuite skipped="0" hostname="DESKTOP-L1FM70N" name="com.talgro.pom.TC_001" tests="1" failures="0" timestamp="07 Sep 2020 06:34:05 GMT" time="6.639" errors="0">
  <testcase name="verifytest" time="6.639" classname="com.talgro.pom.TC_001"/>
</testsuite> <!-- com.talgro.pom.TC_001 -->
